INFO:sim:172 - Generating IP...
Resolving generics for 'huitailang_rom'...
Applying external generics to 'huitailang_rom'...
Delivering associated files for 'huitailang_rom'...
Delivering EJava files for 'huitailang_rom'...
Generating implementation netlist for 'huitailang_rom'...
INFO:sim - Pre-processing HDL files for 'huitailang_rom'...
Running synthesis for 'huitailang_rom'
Running ngcbuild...
Writing VHO instantiation template for 'huitailang_rom'...
Writing VHDL behavioral simulation model for 'huitailang_rom'...
WARNING:sim - Overwriting existing file
   E:/again_100_floors/again_100_floors/ipcore_dir/tmp/_cg/huitailang_rom/doc/bl
   k_mem_gen_v7_3_vinfo.html with file from view xilinx_documentation
Delivered 1 file into directory
E:/again_100_floors/again_100_floors/ipcore_dir/tmp/_cg/huitailang_rom
Generating ASY schematic symbol...
INFO:sim:949 - Finished generation of ASY schematic symbol.
Generating SYM schematic symbol for 'huitailang_rom'...
Generating metadata file...
Generating ISE project file for 'huitailang_rom'...
Generating ISE project...
XCO file found: huitailang_rom.xco
XMDF file found: huitailang_rom_xmdf.tcl
Adding
E:/again_100_floors/again_100_floors/ipcore_dir/tmp/_cg/huitailang_rom.asy -view
all -origin_type imported
Adding
E:/again_100_floors/again_100_floors/ipcore_dir/tmp/_cg/huitailang_rom.ngc -view
all -origin_type created
Checking file
"E:/again_100_floors/again_100_floors/ipcore_dir/tmp/_cg/huitailang_rom.ngc" for
project device match ...
File
"E:/again_100_floors/again_100_floors/ipcore_dir/tmp/_cg/huitailang_rom.ngc"
device information matches project device.
Adding
E:/again_100_floors/again_100_floors/ipcore_dir/tmp/_cg/huitailang_rom.sym -view
all -origin_type imported
Adding
E:/again_100_floors/again_100_floors/ipcore_dir/tmp/_cg/huitailang_rom.vhd -view
all -origin_type created
INFO:HDLCompiler:1061 - Parsing VHDL file
   "E:/again_100_floors/again_100_floors/ipcore_dir/tmp/_cg/huitailang_rom.vhd"
   into library work
INFO:ProjectMgmt - Parsing design hierarchy completed successfully.
Adding
E:/again_100_floors/again_100_floors/ipcore_dir/tmp/_cg/huitailang_rom.vho -view
all -origin_type imported
INFO:TclTasksC:2116 - The automatic calculation of top has been turned-off.
   Please set the new top explicitly by running the "project set top" command.
   To re-calculate the new top automatically, set the "Auto Implementation Top"
   property to true.
Top level has been set to "/huitailang_rom"
Generating README file...
Generating FLIST file...
INFO:sim:948 - Finished FLIST file generation.
Launching README viewer...
Moving files to output directory...
Finished moving files to output directory
Wrote CGP file for project 'huitailang_rom'.
